#
# There is insufficient memory for the Java Runtime Environment to continue.
# Native memory allocation (mmap) failed to map 100663296 bytes for G1 virtual space
# Possible reasons:
#   The system is out of physical RAM or swap space
#   The process is running with CompressedOops enabled, and the Java Heap may be blocking the growth of the native heap
# Possible solutions:
#   Reduce memory load on the system
#   Increase physical memory or swap space
#   Check if swap backing store is full
#   Decrease Java heap size (-Xmx/-Xms)
#   Decrease number of Java threads
#   Decrease Java thread stack sizes (-Xss)
#   Set larger code cache with -XX:ReservedCodeCacheSize=
#   JVM is running with Unscaled Compressed Oops mode in which the Java heap is
#     placed in the first 4GB address space. The Java Heap base address is the
#     maximum limit for the native heap growth. Please use -XX:HeapBaseMinAddress
#     to set the Java Heap base and to place the Java Heap above 4GB virtual address.
# This output file may be truncated or incomplete.
#
#  Out of Memory Error (./open/src/hotspot/os/windows/os_windows.cpp:3472), pid=4308, tid=5532
#
# JRE version:  (15.0.1+9) (build )
# Java VM: OpenJDK 64-Bit Server VM (15.0.1+9-18, mixed mode, sharing, tiered, compressed oops, g1 gc, windows-amd64)
# No core dump will be written. Minidumps are not enabled by default on client versions of Windows
#

---------------  S U M M A R Y ------------

Command Line: -Dfile.encoding=UTF-8 -XX:+ShowCodeDetailsInExceptionMessages br.com.mosdev.aluraflix.AluraflixApplication

Host: Intel(R) Core(TM) i7-3517U CPU @ 1.90GHz, 4 cores, 5G,  Windows 10 , 64 bit Build 10240 (10.0.10240.17113)
Time: Tue Jul 20 21:14:57 2021 Hora oficial do Brasil elapsed time: 0.021869 seconds (0d 0h 0m 0s)

---------------  T H R E A D  ---------------

Current thread (0x000000b9b96ad200):  JavaThread "Unknown thread" [_thread_in_vm, id=5532, stack(0x000000b9b8d80000,0x000000b9b8e80000)]

Stack: [0x000000b9b8d80000,0x000000b9b8e80000]
Native frames: (J=compiled Java code, j=interpreted, Vv=VM code, C=native code)
V  [jvm.dll+0x62ae9a]
V  [jvm.dll+0x781389]
V  [jvm.dll+0x782ae3]
V  [jvm.dll+0x783143]
V  [jvm.dll+0x216265]
V  [jvm.dll+0x6281d9]
V  [jvm.dll+0x61cd15]
V  [jvm.dll+0x2d01fd]
V  [jvm.dll+0x2d0062]
V  [jvm.dll+0x2d603c]
V  [jvm.dll+0x325b2a]
V  [jvm.dll+0x3251f4]
V  [jvm.dll+0x2a717a]
V  [jvm.dll+0x2a8318]
V  [jvm.dll+0x75e101]
V  [jvm.dll+0x3343e4]
V  [jvm.dll+0x73e826]
V  [jvm.dll+0x3b7777]
V  [jvm.dll+0x3b9201]
C  [jli.dll+0x52fb]
C  [ucrtbase.dll+0x6829d]
C  [KERNEL32.DLL+0x12d92]
C  [ntdll.dll+0x9f64]


---------------  P R O C E S S  ---------------

Threads class SMR info:
_java_thread_list=0x00007ff801364ff0, length=0, elements={
}

Java Threads: ( => current thread )

Other Threads:
  0x000000b9b96e5130 GCTaskThread "GC Thread#0" [stack: 0x000000b9b94a0000,0x000000b9b95a0000] [id=8648]
  0x000000b9b96f2c90 ConcurrentGCThread "G1 Main Marker" [stack: 0x000000b9cf8e0000,0x000000b9cf9e0000] [id=9180]
  0x000000b9b96f4600 ConcurrentGCThread "G1 Conc#0" [stack: 0x000000b9cf9e0000,0x000000b9cfae0000] [id=7136]

[error occurred during error reporting (printing all threads), id 0xc0000005, EXCEPTION_ACCESS_VIOLATION (0xc0000005) at pc=0x00007ff800b58047]

VM state: not at safepoint (not fully initialized)

VM Mutex/Monitor currently owned by a thread:  ([mutex/lock_event])
[0x000000b9b96aa780] Heap_lock - owner thread: 0x000000b9b96ad200

Heap address: 0x00000000a1c00000, size: 1508 MB, Compressed Oops mode: 32-bit
CDS archive(s) mapped at: [0x0000000000000000-0x0000000000000000-0x0000000000000000), size 0, SharedBaseAddress: 0x0000000800000000, ArchiveRelocationMode: 0.
Narrow klass base: 0x0000000000000000, Narrow klass shift: 0, Narrow klass range: 0x0

Heap:
 garbage-first heap   total 98304K, used 0K [0x00000000a1c00000, 0x0000000100000000)
  region size 1024K, 0 young (0K), 0 survivors (0K)
 Metaspace       used 0K, capacity 0K, committed 0K, reserved 0K
  class space    used 0K, capacity 0K, committed 0K, reserved 0K

Heap Regions: E=young(eden), S=young(survivor), O=old, HS=humongous(starts), HC=humongous(continues), CS=collection set, F=free, OA=open archive, CA=closed archive, TAMS=top-at-mark-start (previous, next)

Card table byte_map: [0x000000b9cc3c0000,0x000000b9cc6c0000] _byte_map_base: 0x000000b9cbeb2000

Marking Bits (Prev, Next): (CMBitMap*) 0x000000b9b96e59a0, (CMBitMap*) 0x000000b9b96e59e0
 Prev Bits: [0x000000b9cc9c0000, 0x000000b9ce150000)
 Next Bits: [0x000000b9ce150000, 0x000000b9cf8e0000)

GC Heap History (0 events):
No events

Deoptimization events (0 events):
No events

Classes unloaded (0 events):
No events

Classes redefined (0 events):
No events

Internal exceptions (0 events):
No events

Events (1 events):
Event: 0.008 Loaded shared library C:\Users\milton\.p2\pool\plugins\org.eclipse.justj.openjdk.hotspot.jre.full.win32.x86_64_15.0.1.v20201027-0507\jre\bin\java.dll


Dynamic libraries:
0x00007ff6be5e0000 - 0x00007ff6be5ed000 	C:\Users\milton\.p2\pool\plugins\org.eclipse.justj.openjdk.hotspot.jre.full.win32.x86_64_15.0.1.v20201027-0507\jre\bin\javaw.exe
0x00007ff821110000 - 0x00007ff8212d2000 	C:\Windows\SYSTEM32\ntdll.dll
0x00007ff81f070000 - 0x00007ff81f11d000 	C:\Windows\system32\KERNEL32.DLL
0x00007ff81e5f0000 - 0x00007ff81e7cd000 	C:\Windows\system32\KERNELBASE.dll
0x00007ff816a30000 - 0x00007ff816a49000 	C:\Users\milton\.p2\pool\plugins\org.eclipse.justj.openjdk.hotspot.jre.full.win32.x86_64_15.0.1.v20201027-0507\jre\bin\VCRUNTIME140.dll
0x00007ff815a50000 - 0x00007ff815b42000 	C:\Windows\SYSTEM32\ucrtbase.dll
0x00007ff807f20000 - 0x00007ff807f38000 	C:\Users\milton\.p2\pool\plugins\org.eclipse.justj.openjdk.hotspot.jre.full.win32.x86_64_15.0.1.v20201027-0507\jre\bin\jli.dll
0x00007ff817340000 - 0x00007ff8175b4000 	C:\Windows\WinSxS\amd64_microsoft.windows.common-controls_6595b64144ccf1df_6.0.10240.17184_none_f41d7a705752bce6\COMCTL32.dll
0x00007ff81f250000 - 0x00007ff81f2ed000 	C:\Windows\system32\msvcrt.dll
0x00007ff81f4b0000 - 0x00007ff81f633000 	C:\Windows\system32\GDI32.dll
0x00007ff81f720000 - 0x00007ff81f86e000 	C:\Windows\system32\USER32.dll
0x00007ff81fa60000 - 0x00007ff81fa96000 	C:\Windows\system32\IMM32.DLL
0x00007ff81f350000 - 0x00007ff81f4ac000 	C:\Windows\system32\MSCTF.dll
0x00007ff816950000 - 0x00007ff81695c000 	C:\Users\milton\.p2\pool\plugins\org.eclipse.justj.openjdk.hotspot.jre.full.win32.x86_64_15.0.1.v20201027-0507\jre\bin\vcruntime140_1.dll
0x00007ff806200000 - 0x00007ff806291000 	C:\Users\milton\.p2\pool\plugins\org.eclipse.justj.openjdk.hotspot.jre.full.win32.x86_64_15.0.1.v20201027-0507\jre\bin\msvcp140.dll
0x00007ff8008a0000 - 0x00007ff8013fe000 	C:\Users\milton\.p2\pool\plugins\org.eclipse.justj.openjdk.hotspot.jre.full.win32.x86_64_15.0.1.v20201027-0507\jre\bin\server\jvm.dll
0x00007ff81f120000 - 0x00007ff81f1c6000 	C:\Windows\system32\ADVAPI32.dll
0x00007ff81f870000 - 0x00007ff81f8cb000 	C:\Windows\system32\sechost.dll
0x00007ff81f8d0000 - 0x00007ff81f9f6000 	C:\Windows\system32\RPCRT4.dll
0x00007ff81ec70000 - 0x00007ff81ec78000 	C:\Windows\system32\PSAPI.DLL
0x00007ff815840000 - 0x00007ff815849000 	C:\Windows\SYSTEM32\WSOCK32.dll
0x00007ff81c1b0000 - 0x00007ff81c1d3000 	C:\Windows\SYSTEM32\WINMM.dll
0x00007ff820fd0000 - 0x00007ff821039000 	C:\Windows\system32\WS2_32.dll
0x00007ff81a160000 - 0x00007ff81a16a000 	C:\Windows\SYSTEM32\VERSION.dll
0x00007ff81e9e0000 - 0x00007ff81e9e8000 	C:\Windows\system32\NSI.dll
0x00007ff81c150000 - 0x00007ff81c17c000 	C:\Windows\SYSTEM32\WINMMBASE.dll
0x00007ff81dbd0000 - 0x00007ff81dc14000 	C:\Windows\system32\cfgmgr32.dll
0x00007ff81c410000 - 0x00007ff81c437000 	C:\Windows\SYSTEM32\DEVOBJ.dll
0x00007ff81dba0000 - 0x00007ff81dbaf000 	C:\Windows\system32\kernel.appcore.dll
0x00007ff815720000 - 0x00007ff81572a000 	C:\Users\milton\.p2\pool\plugins\org.eclipse.justj.openjdk.hotspot.jre.full.win32.x86_64_15.0.1.v20201027-0507\jre\bin\jimage.dll
0x00007ff80feb0000 - 0x00007ff81003a000 	C:\Windows\SYSTEM32\DBGHELP.DLL
0x00007ff810ee0000 - 0x00007ff810f05000 	C:\Windows\SYSTEM32\dbgcore.DLL
0x00007ff813340000 - 0x00007ff813365000 	C:\Users\milton\.p2\pool\plugins\org.eclipse.justj.openjdk.hotspot.jre.full.win32.x86_64_15.0.1.v20201027-0507\jre\bin\java.dll

dbghelp: loaded successfully - version: 4.0.5 - missing functions: none
symbol engine: initialized successfully - sym options: 0x614 - pdb path: .;C:\Users\milton\.p2\pool\plugins\org.eclipse.justj.openjdk.hotspot.jre.full.win32.x86_64_15.0.1.v20201027-0507\jre\bin;C:\Windows\SYSTEM32;C:\Windows\WinSxS\amd64_microsoft.windows.common-controls_6595b64144ccf1df_6.0.10240.17184_none_f41d7a705752bce6;C:\Users\milton\.p2\pool\plugins\org.eclipse.justj.openjdk.hotspot.jre.full.win32.x86_64_15.0.1.v20201027-0507\jre\bin\server

VM Arguments:
jvm_args: -Dfile.encoding=UTF-8 -XX:+ShowCodeDetailsInExceptionMessages 
java_command: br.com.mosdev.aluraflix.AluraflixApplication
java_class_path (initial): C:\Projetos\aluraflix\target\classes;C:\Users\milton\.m2\repository\org\springframework\boot\spring-boot-starter-data-jpa\2.4.8\spring-boot-starter-data-jpa-2.4.8.jar;C:\Users\milton\.m2\repository\org\springframework\boot\spring-boot-starter-aop\2.4.8\spring-boot-starter-aop-2.4.8.jar;C:\Users\milton\.m2\repository\org\springframework\spring-aop\5.3.8\spring-aop-5.3.8.jar;C:\Users\milton\.m2\repository\org\aspectj\aspectjweaver\1.9.6\aspectjweaver-1.9.6.jar;C:\Users\milton\.m2\repository\org\springframework\boot\spring-boot-starter-jdbc\2.4.8\spring-boot-starter-jdbc-2.4.8.jar;C:\Users\milton\.m2\repository\com\zaxxer\HikariCP\3.4.5\HikariCP-3.4.5.jar;C:\Users\milton\.m2\repository\org\springframework\spring-jdbc\5.3.8\spring-jdbc-5.3.8.jar;C:\Users\milton\.m2\repository\jakarta\transaction\jakarta.transaction-api\1.3.3\jakarta.transaction-api-1.3.3.jar;C:\Users\milton\.m2\repository\jakarta\persistence\jakarta.persistence-api\2.2.3\jakarta.persistence-api-2.2.3.jar;C:\Users\milton\.m2\repository\org\hibernate\hibernate-core\5.4.32.Final\hibernate-core-5.4.32.Final.jar;C:\Users\milton\.m2\repository\org\jboss\logging\jboss-logging\3.4.2.Final\jboss-logging-3.4.2.Final.jar;C:\Users\milton\.m2\repository\org\javassist\javassist\3.27.0-GA\javassist-3.27.0-GA.jar;C:\Users\milton\.m2\repository\net\bytebuddy\byte-buddy\1.10.22\byte-buddy-1.10.22.jar;C:\Users\milton\.m2\repository\antlr\antlr\2.7.7\antlr-2.7.7.jar;C:\Users\milton\.m2\repository\org\jboss\jandex\2.2.3.Final\jandex-2.2.3.Final.jar;C:\Users\milton\.m2\repository\org\dom4j\dom4j\2.1.3\dom4j-2.1.3.jar;C:\Users\milton\.m2\repository\org\hibernate\common\hibernate-commons-annotations\5.1.2.Final\hibernate-commons-annotations-5.1.2.Final.jar;C:\Users\milton\.m2\repository\org\glassfish\jaxb\jaxb-runtime\2.3.4\jaxb-runtime-2.3.4.jar;C:\Users\milton\.m2\repository\org\glassfish\jaxb\txw2\2.3.4\txw2-2.3.4.jar;C:\Users\milton\.m2\repository\com\sun\istack\istack-commons-runtime\3.0.12\is
Launcher Type: SUN_STANDARD

[Global flags]
     intx CICompilerCount                          = 3                                         {product} {ergonomic}
     uint ConcGCThreads                            = 1                                         {product} {ergonomic}
     uint G1ConcRefinementThreads                  = 4                                         {product} {ergonomic}
   size_t G1HeapRegionSize                         = 1048576                                   {product} {ergonomic}
    uintx GCDrainStackTargetSize                   = 64                                        {product} {ergonomic}
   size_t InitialHeapSize                          = 100663296                                 {product} {ergonomic}
   size_t MarkStackSize                            = 4194304                                   {product} {ergonomic}
   size_t MaxHeapSize                              = 1581252608                                {product} {ergonomic}
   size_t MinHeapDeltaBytes                        = 1048576                                   {product} {ergonomic}
   size_t MinHeapSize                              = 8388608                                   {product} {ergonomic}
    uintx NonNMethodCodeHeapSize                   = 5832780                                {pd product} {ergonomic}
    uintx NonProfiledCodeHeapSize                  = 122912730                              {pd product} {ergonomic}
    uintx ProfiledCodeHeapSize                     = 122912730                              {pd product} {ergonomic}
    uintx ReservedCodeCacheSize                    = 251658240                              {pd product} {ergonomic}
     bool SegmentedCodeCache                       = true                                      {product} {ergonomic}
     bool ShowCodeDetailsInExceptionMessages       = true                                   {manageable} {command line}
   size_t SoftMaxHeapSize                          = 1581252608                             {manageable} {ergonomic}
     bool UseCompressedClassPointers               = true                                 {lp64_product} {ergonomic}
     bool UseCompressedOops                        = true                                 {lp64_product} {ergonomic}
     bool UseG1GC                                  = true                                      {product} {ergonomic}
     bool UseLargePagesIndividualAllocation        = false                                  {pd product} {ergonomic}

Logging:
Log output configuration:
 #0: stdout all=warning uptime,level,tags
 #1: stderr all=off uptime,level,tags

Environment Variables:
JAVA_HOME=C:\Program Files\Java\jdk-14.0.2
PATH=C:/Users/milton/.p2/pool/plugins/org.eclipse.justj.openjdk.hotspot.jre.full.win32.x86_64_15.0.1.v20201027-0507/jre/bin/server;C:/Users/milton/.p2/pool/plugins/org.eclipse.justj.openjdk.hotspot.jre.full.win32.x86_64_15.0.1.v20201027-0507/jre/bin;C:\Windows\system32;C:\Windows;C:\Windows\System32\Wbem;C:\Windows\System32\WindowsPowerShell\v1.0\;C:\Program Files\Java\jdk-14.0.2\bin;C:\Program Files\Git\cmd;C:\Program Files\Java\jdk-14.0.2\bin;C:\Users\milton\Desktop;
USERNAME=milton
OS=Windows_NT
PROCESSOR_IDENTIFIER=Intel64 Family 6 Model 58 Stepping 9, GenuineIntel



---------------  S Y S T E M  ---------------

OS:
 Windows 10 , 64 bit Build 10240 (10.0.10240.17113)
OS uptime: 9 days 9:11 hours

CPU: total 4 (initial active 4) (2 cores per cpu, 2 threads per core) family 6 model 58 stepping 9 microcode 0x1b, cmov, cx8, fxsr, mmx, sse, sse2, sse3, ssse3, sse4.1, sse4.2, popcnt, vzeroupper, avx, aes, clmul, erms, ht, tsc, tscinvbit, tscinv, clflush

Memory: 4k page, system-wide physical 6029M (1362M free)
TotalPageFile size 7082M (AvailPageFile size 99M)
current process WorkingSet (physical memory assigned to process): 9M, peak: 9M
current process commit charge ("private bytes"): 51M, peak: 147M

vm_info: OpenJDK 64-Bit Server VM (15.0.1+9-18) for windows-amd64 JRE (15.0.1+9-18), built on Sep 15 2020 14:39:31 by "mach5one" with unknown MS VC++:1925

END.
